<?xml version="1.0" encoding="UTF-8"?>
<robot generator="Robot 3.2.2 (Python 3.6.0 on win32)" generated="20210111 19:08:58.094" rpa="false">
<suite id="s1" name="TestCases" source="C:\Users\Admin\Desktop\13.1\TestsBook\TestCases.robot">
<test id="s1-t1" name="User should be able to Land on Book details Page">
<kw name="Open India Bookstore" library="instructions">
<kw name="Open Browser" library="SeleniumLibrary">
<doc>Opens a new browser instance to the optional ``url``.</doc>
<arguments>
<arg>${url_books}</arg>
<arg>${brows}</arg>
</arguments>
<msg timestamp="20210111 19:08:58.408" level="INFO">Opening browser 'gc' to base url 'https://www.indiabookstore.net/'.</msg>
<status status="PASS" starttime="20210111 19:08:58.408" endtime="20210111 19:09:03.738"></status>
</kw>
<kw name="Maximize Browser Window" library="SeleniumLibrary">
<doc>Maximizes current browser window.</doc>
<status status="PASS" starttime="20210111 19:09:03.738" endtime="20210111 19:09:05.869"></status>
</kw>
<kw name="Sleep" library="BuiltIn">
<doc>Pauses the test executed for the given time.</doc>
<arguments>
<arg>4s</arg>
</arguments>
<msg timestamp="20210111 19:09:09.886" level="INFO">Slept 4 seconds</msg>
<status status="PASS" starttime="20210111 19:09:05.869" endtime="20210111 19:09:09.886"></status>
</kw>
<kw name="Verify WebPage title" library="instructions">
<arguments>
<arg>${Expected_homePage}</arg>
</arguments>
<kw name="Wait Until Page Contains" library="SeleniumLibrary">
<doc>Waits until ``text`` appears on the current page.</doc>
<arguments>
<arg>${title_name}</arg>
</arguments>
<status status="PASS" starttime="20210111 19:09:09.886" endtime="20210111 19:09:09.902"></status>
</kw>
<kw name="Log To Console" library="BuiltIn">
<doc>Logs the given message to the console.</doc>
<arguments>
<arg>${title_name}</arg>
</arguments>
<status status="PASS" starttime="20210111 19:09:09.902" endtime="20210111 19:09:09.902"></status>
</kw>
<kw name="Log To Console" library="BuiltIn">
<doc>Logs the given message to the console.</doc>
<arguments>
<arg>Pass!!</arg>
</arguments>
<status status="PASS" starttime="20210111 19:09:09.905" endtime="20210111 19:09:09.905"></status>
</kw>
<status status="PASS" starttime="20210111 19:09:09.886" endtime="20210111 19:09:09.905"></status>
</kw>
<kw name="Execute Javascript" library="SeleniumLibrary">
<doc>Executes the given JavaScript code with possible arguments.</doc>
<arguments>
<arg>window.scrollTo(0, 500)</arg>
</arguments>
<msg timestamp="20210111 19:09:09.907" level="INFO">Executing JavaScript:
window.scrollTo(0, 500)
Without any arguments.</msg>
<status status="PASS" starttime="20210111 19:09:09.906" endtime="20210111 19:09:09.920"></status>
</kw>
<kw name="Log To Console" library="BuiltIn">
<doc>Logs the given message to the console.</doc>
<arguments>
<arg>Step1</arg>
</arguments>
<status status="PASS" starttime="20210111 19:09:09.920" endtime="20210111 19:09:09.944"></status>
</kw>
<status status="PASS" starttime="20210111 19:08:58.407" endtime="20210111 19:09:09.945"></status>
</kw>
<kw name="Navigate to Category &quot;Crime , Thriller &amp; Mystery&quot;" library="instructions">
<kw name="Get Element Count" library="SeleniumLibrary">
<doc>Returns the number of elements matching ``locator``.</doc>
<arguments>
<arg>xpath=//*[@id="leftNavContainer"]/ul/li</arg>
</arguments>
<assign>
<var>${category_count}</var>
</assign>
<msg timestamp="20210111 19:09:09.979" level="INFO">${category_count} = 21</msg>
<status status="PASS" starttime="20210111 19:09:09.946" endtime="20210111 19:09:09.980"></status>
</kw>
<kw name="Sleep" library="BuiltIn">
<doc>Pauses the test executed for the given time.</doc>
<arguments>
<arg>3s</arg>
</arguments>
<msg timestamp="20210111 19:09:12.981" level="INFO">Slept 3 seconds</msg>
<status status="PASS" starttime="20210111 19:09:09.980" endtime="20210111 19:09:12.981"></status>
</kw>
<kw name="${i} IN RANGE [ 1 | ${category_count} ]" type="for">
<kw name="${i} = 1" type="foritem">
<kw name="Get Text" library="SeleniumLibrary">
<doc>Returns the text value of the element identified by ``locator``.</doc>
<arguments>
<arg>xpath=//*[@id="leftNavContainer"]/ul/li[${i}]/a</arg>
</arguments>
<assign>
<var>${dynamic_categ_name}</var>
</assign>
<msg timestamp="20210111 19:09:13.027" level="INFO">${dynamic_categ_name} = Academic</msg>
<status status="PASS" starttime="20210111 19:09:12.981" endtime="20210111 19:09:13.027"></status>
</kw>
<kw name="Scroll Element Into View" library="SeleniumLibrary">
<doc>Scrolls the element identified by ``locator`` into view.</doc>
<arguments>
<arg>xpath=//*[@id="leftNavContainer"]/ul/li[${i}]/a</arg>
</arguments>
<status status="PASS" starttime="20210111 19:09:13.027" endtime="20210111 19:09:13.327"></status>
</kw>
<kw name="Exit For Loop If" library="BuiltIn">
<doc>Stops executing the enclosing for loop if the ``condition`` is true.</doc>
<arguments>
<arg>"${dynamic_categ_name}" == "${Expected_category}"</arg>
</arguments>
<status status="PASS" starttime="20210111 19:09:13.327" endtime="20210111 19:09:13.327"></status>
</kw>
<status status="PASS" starttime="20210111 19:09:12.981" endtime="20210111 19:09:13.327"></status>
</kw>
<kw name="${i} = 2" type="foritem">
<kw name="Get Text" library="SeleniumLibrary">
<doc>Returns the text value of the element identified by ``locator``.</doc>
<arguments>
<arg>xpath=//*[@id="leftNavContainer"]/ul/li[${i}]/a</arg>
</arguments>
<assign>
<var>${dynamic_categ_name}</var>
</assign>
<msg timestamp="20210111 19:09:13.390" level="INFO">${dynamic_categ_name} = Action &amp; Adventure</msg>
<status status="PASS" starttime="20210111 19:09:13.327" endtime="20210111 19:09:13.390"></status>
</kw>
<kw name="Scroll Element Into View" library="SeleniumLibrary">
<doc>Scrolls the element identified by ``locator`` into view.</doc>
<arguments>
<arg>xpath=//*[@id="leftNavContainer"]/ul/li[${i}]/a</arg>
</arguments>
<status status="PASS" starttime="20210111 19:09:13.390" endtime="20210111 19:09:13.695"></status>
</kw>
<kw name="Exit For Loop If" library="BuiltIn">
<doc>Stops executing the enclosing for loop if the ``condition`` is true.</doc>
<arguments>
<arg>"${dynamic_categ_name}" == "${Expected_category}"</arg>
</arguments>
<status status="PASS" starttime="20210111 19:09:13.696" endtime="20210111 19:09:13.698"></status>
</kw>
<status status="PASS" starttime="20210111 19:09:13.327" endtime="20210111 19:09:13.698"></status>
</kw>
<kw name="${i} = 3" type="foritem">
<kw name="Get Text" library="SeleniumLibrary">
<doc>Returns the text value of the element identified by ``locator``.</doc>
<arguments>
<arg>xpath=//*[@id="leftNavContainer"]/ul/li[${i}]/a</arg>
</arguments>
<assign>
<var>${dynamic_categ_name}</var>
</assign>
<msg timestamp="20210111 19:09:13.766" level="INFO">${dynamic_categ_name} = Biographies &amp; True Accounts</msg>
<status status="PASS" starttime="20210111 19:09:13.698" endtime="20210111 19:09:13.766"></status>
</kw>
<kw name="Scroll Element Into View" library="SeleniumLibrary">
<doc>Scrolls the element identified by ``locator`` into view.</doc>
<arguments>
<arg>xpath=//*[@id="leftNavContainer"]/ul/li[${i}]/a</arg>
</arguments>
<status status="PASS" starttime="20210111 19:09:13.766" endtime="20210111 19:09:14.073"></status>
</kw>
<kw name="Exit For Loop If" library="BuiltIn">
<doc>Stops executing the enclosing for loop if the ``condition`` is true.</doc>
<arguments>
<arg>"${dynamic_categ_name}" == "${Expected_category}"</arg>
</arguments>
<status status="PASS" starttime="20210111 19:09:14.073" endtime="20210111 19:09:14.073"></status>
</kw>
<status status="PASS" starttime="20210111 19:09:13.698" endtime="20210111 19:09:14.073"></status>
</kw>
<kw name="${i} = 4" type="foritem">
<kw name="Get Text" library="SeleniumLibrary">
<doc>Returns the text value of the element identified by ``locator``.</doc>
<arguments>
<arg>xpath=//*[@id="leftNavContainer"]/ul/li[${i}]/a</arg>
</arguments>
<assign>
<var>${dynamic_categ_name}</var>
</assign>
<msg timestamp="20210111 19:09:14.136" level="INFO">${dynamic_categ_name} = Business, Investing and Management</msg>
<status status="PASS" starttime="20210111 19:09:14.073" endtime="20210111 19:09:14.136"></status>
</kw>
<kw name="Scroll Element Into View" library="SeleniumLibrary">
<doc>Scrolls the element identified by ``locator`` into view.</doc>
<arguments>
<arg>xpath=//*[@id="leftNavContainer"]/ul/li[${i}]/a</arg>
</arguments>
<status status="PASS" starttime="20210111 19:09:14.136" endtime="20210111 19:09:14.440"></status>
</kw>
<kw name="Exit For Loop If" library="BuiltIn">
<doc>Stops executing the enclosing for loop if the ``condition`` is true.</doc>
<arguments>
<arg>"${dynamic_categ_name}" == "${Expected_category}"</arg>
</arguments>
<status status="PASS" starttime="20210111 19:09:14.440" endtime="20210111 19:09:14.440"></status>
</kw>
<status status="PASS" starttime="20210111 19:09:14.073" endtime="20210111 19:09:14.440"></status>
</kw>
<kw name="${i} = 5" type="foritem">
<kw name="Get Text" library="SeleniumLibrary">
<doc>Returns the text value of the element identified by ``locator``.</doc>
<arguments>
<arg>xpath=//*[@id="leftNavContainer"]/ul/li[${i}]/a</arg>
</arguments>
<assign>
<var>${dynamic_categ_name}</var>
</assign>
<msg timestamp="20210111 19:09:14.502" level="INFO">${dynamic_categ_name} = Children's Books</msg>
<status status="PASS" starttime="20210111 19:09:14.440" endtime="20210111 19:09:14.502"></status>
</kw>
<kw name="Scroll Element Into View" library="SeleniumLibrary">
<doc>Scrolls the element identified by ``locator`` into view.</doc>
<arguments>
<arg>xpath=//*[@id="leftNavContainer"]/ul/li[${i}]/a</arg>
</arguments>
<status status="PASS" starttime="20210111 19:09:14.502" endtime="20210111 19:09:14.785"></status>
</kw>
<kw name="Exit For Loop If" library="BuiltIn">
<doc>Stops executing the enclosing for loop if the ``condition`` is true.</doc>
<arguments>
<arg>"${dynamic_categ_name}" == "${Expected_category}"</arg>
</arguments>
<status status="PASS" starttime="20210111 19:09:14.785" endtime="20210111 19:09:14.785"></status>
</kw>
<status status="PASS" starttime="20210111 19:09:14.440" endtime="20210111 19:09:14.785"></status>
</kw>
<kw name="${i} = 6" type="foritem">
<kw name="Get Text" library="SeleniumLibrary">
<doc>Returns the text value of the element identified by ``locator``.</doc>
<arguments>
<arg>xpath=//*[@id="leftNavContainer"]/ul/li[${i}]/a</arg>
</arguments>
<assign>
<var>${dynamic_categ_name}</var>
</assign>
<msg timestamp="20210111 19:09:14.847" level="INFO">${dynamic_categ_name} = Comics &amp; Manga</msg>
<status status="PASS" starttime="20210111 19:09:14.785" endtime="20210111 19:09:14.847"></status>
</kw>
<kw name="Scroll Element Into View" library="SeleniumLibrary">
<doc>Scrolls the element identified by ``locator`` into view.</doc>
<arguments>
<arg>xpath=//*[@id="leftNavContainer"]/ul/li[${i}]/a</arg>
</arguments>
<status status="PASS" starttime="20210111 19:09:14.847" endtime="20210111 19:09:15.139"></status>
</kw>
<kw name="Exit For Loop If" library="BuiltIn">
<doc>Stops executing the enclosing for loop if the ``condition`` is true.</doc>
<arguments>
<arg>"${dynamic_categ_name}" == "${Expected_category}"</arg>
</arguments>
<status status="PASS" starttime="20210111 19:09:15.139" endtime="20210111 19:09:15.139"></status>
</kw>
<status status="PASS" starttime="20210111 19:09:14.785" endtime="20210111 19:09:15.139"></status>
</kw>
<kw name="${i} = 7" type="foritem">
<kw name="Get Text" library="SeleniumLibrary">
<doc>Returns the text value of the element identified by ``locator``.</doc>
<arguments>
<arg>xpath=//*[@id="leftNavContainer"]/ul/li[${i}]/a</arg>
</arguments>
<assign>
<var>${dynamic_categ_name}</var>
</assign>
<msg timestamp="20210111 19:09:15.217" level="INFO">${dynamic_categ_name} = Computing &amp; Internet</msg>
<status status="PASS" starttime="20210111 19:09:15.139" endtime="20210111 19:09:15.217"></status>
</kw>
<kw name="Scroll Element Into View" library="SeleniumLibrary">
<doc>Scrolls the element identified by ``locator`` into view.</doc>
<arguments>
<arg>xpath=//*[@id="leftNavContainer"]/ul/li[${i}]/a</arg>
</arguments>
<status status="PASS" starttime="20210111 19:09:15.217" endtime="20210111 19:09:15.521"></status>
</kw>
<kw name="Exit For Loop If" library="BuiltIn">
<doc>Stops executing the enclosing for loop if the ``condition`` is true.</doc>
<arguments>
<arg>"${dynamic_categ_name}" == "${Expected_category}"</arg>
</arguments>
<status status="PASS" starttime="20210111 19:09:15.521" endtime="20210111 19:09:15.521"></status>
</kw>
<status status="PASS" starttime="20210111 19:09:15.139" endtime="20210111 19:09:15.521"></status>
</kw>
<kw name="${i} = 8" type="foritem">
<kw name="Get Text" library="SeleniumLibrary">
<doc>Returns the text value of the element identified by ``locator``.</doc>
<arguments>
<arg>xpath=//*[@id="leftNavContainer"]/ul/li[${i}]/a</arg>
</arguments>
<assign>
<var>${dynamic_categ_name}</var>
</assign>
<msg timestamp="20210111 19:09:15.583" level="INFO">${dynamic_categ_name} = Crime, Thriller &amp; Mystery</msg>
<status status="PASS" starttime="20210111 19:09:15.521" endtime="20210111 19:09:15.583"></status>
</kw>
<kw name="Scroll Element Into View" library="SeleniumLibrary">
<doc>Scrolls the element identified by ``locator`` into view.</doc>
<arguments>
<arg>xpath=//*[@id="leftNavContainer"]/ul/li[${i}]/a</arg>
</arguments>
<status status="PASS" starttime="20210111 19:09:15.583" endtime="20210111 19:09:15.867"></status>
</kw>
<kw name="Exit For Loop If" library="BuiltIn">
<doc>Stops executing the enclosing for loop if the ``condition`` is true.</doc>
<arguments>
<arg>"${dynamic_categ_name}" == "${Expected_category}"</arg>
</arguments>
<msg timestamp="20210111 19:09:15.867" level="INFO">Exiting for loop altogether.</msg>
<status status="PASS" starttime="20210111 19:09:15.867" endtime="20210111 19:09:15.867"></status>
</kw>
<status status="PASS" starttime="20210111 19:09:15.521" endtime="20210111 19:09:15.867"></status>
</kw>
<status status="PASS" starttime="20210111 19:09:12.981" endtime="20210111 19:09:15.867"></status>
</kw>
<kw name="Set Test Variable" library="BuiltIn">
<doc>Makes a variable available everywhere within the scope of the current test.</doc>
<arguments>
<arg>${static_categ_name}</arg>
<arg>xpath=//*[@id="leftNavContainer"]/ul/li[${i}]/a</arg>
</arguments>
<msg timestamp="20210111 19:09:15.867" level="INFO">${static_categ_name} = xpath=//*[@id="leftNavContainer"]/ul/li[8]/a</msg>
<status status="PASS" starttime="20210111 19:09:15.867" endtime="20210111 19:09:15.867"></status>
</kw>
<kw name="Log To Console" library="BuiltIn">
<doc>Logs the given message to the console.</doc>
<arguments>
<arg>Step2</arg>
</arguments>
<status status="PASS" starttime="20210111 19:09:15.867" endtime="20210111 19:09:15.867"></status>
</kw>
<status status="PASS" starttime="20210111 19:09:09.945" endtime="20210111 19:09:15.880"></status>
</kw>
<kw name="Click on &quot;Thriller&quot; Sub Section" library="instructions">
<kw name="Mouse Over" library="SeleniumLibrary">
<doc>Simulates hovering the mouse over the element ``locator``.</doc>
<arguments>
<arg>${static_categ_name}</arg>
</arguments>
<msg timestamp="20210111 19:09:15.883" level="INFO">Simulating Mouse Over on element 'xpath=//*[@id="leftNavContainer"]/ul/li[8]/a'.</msg>
<status status="PASS" starttime="20210111 19:09:15.882" endtime="20210111 19:09:16.173"></status>
</kw>
<kw name="Sleep" library="BuiltIn">
<doc>Pauses the test executed for the given time.</doc>
<arguments>
<arg>1s</arg>
</arguments>
<msg timestamp="20210111 19:09:17.183" level="INFO">Slept 1 second</msg>
<status status="PASS" starttime="20210111 19:09:16.173" endtime="20210111 19:09:17.183"></status>
</kw>
<kw name="Mouse Over" library="SeleniumLibrary">
<doc>Simulates hovering the mouse over the element ``locator``.</doc>
<arguments>
<arg>${Thriller}</arg>
</arguments>
<msg timestamp="20210111 19:09:17.183" level="INFO">Simulating Mouse Over on element 'xpath=//*[@id="leftNavContainer"]/ul/li[8]/ul/li[2]'.</msg>
<status status="PASS" starttime="20210111 19:09:17.183" endtime="20210111 19:09:17.512"></status>
</kw>
<kw name="Sleep" library="BuiltIn">
<doc>Pauses the test executed for the given time.</doc>
<arguments>
<arg>3s</arg>
</arguments>
<msg timestamp="20210111 19:09:20.523" level="INFO">Slept 3 seconds</msg>
<status status="PASS" starttime="20210111 19:09:17.512" endtime="20210111 19:09:20.523"></status>
</kw>
<kw name="Verify WebPage title" library="instructions">
<arguments>
<arg>Thriller</arg>
</arguments>
<kw name="Wait Until Page Contains" library="SeleniumLibrary">
<doc>Waits until ``text`` appears on the current page.</doc>
<arguments>
<arg>${title_name}</arg>
</arguments>
<status status="PASS" starttime="20210111 19:09:20.523" endtime="20210111 19:09:20.554"></status>
</kw>
<kw name="Log To Console" library="BuiltIn">
<doc>Logs the given message to the console.</doc>
<arguments>
<arg>${title_name}</arg>
</arguments>
<status status="PASS" starttime="20210111 19:09:20.554" endtime="20210111 19:09:20.569"></status>
</kw>
<kw name="Log To Console" library="BuiltIn">
<doc>Logs the given message to the console.</doc>
<arguments>
<arg>Pass!!</arg>
</arguments>
<status status="PASS" starttime="20210111 19:09:20.570" endtime="20210111 19:09:20.590"></status>
</kw>
<status status="PASS" starttime="20210111 19:09:20.523" endtime="20210111 19:09:20.590"></status>
</kw>
<kw name="Click Element" library="SeleniumLibrary">
<doc>Click the element identified by ``locator``.</doc>
<arguments>
<arg>${Thriller}</arg>
</arguments>
<msg timestamp="20210111 19:09:20.592" level="INFO">Clicking element 'xpath=//*[@id="leftNavContainer"]/ul/li[8]/ul/li[2]'.</msg>
<status status="PASS" starttime="20210111 19:09:20.591" endtime="20210111 19:09:21.858"></status>
</kw>
<kw name="Sleep" library="BuiltIn">
<doc>Pauses the test executed for the given time.</doc>
<arguments>
<arg>1s</arg>
</arguments>
<msg timestamp="20210111 19:09:22.861" level="INFO">Slept 1 second</msg>
<status status="PASS" starttime="20210111 19:09:21.858" endtime="20210111 19:09:22.861"></status>
</kw>
<kw name="Verify WebPage title" library="instructions">
<arguments>
<arg>${Expected_Book_Category}</arg>
</arguments>
<kw name="Wait Until Page Contains" library="SeleniumLibrary">
<doc>Waits until ``text`` appears on the current page.</doc>
<arguments>
<arg>${title_name}</arg>
</arguments>
<status status="PASS" starttime="20210111 19:09:22.864" endtime="20210111 19:09:22.901"></status>
</kw>
<kw name="Log To Console" library="BuiltIn">
<doc>Logs the given message to the console.</doc>
<arguments>
<arg>${title_name}</arg>
</arguments>
<status status="PASS" starttime="20210111 19:09:22.901" endtime="20210111 19:09:22.901"></status>
</kw>
<kw name="Log To Console" library="BuiltIn">
<doc>Logs the given message to the console.</doc>
<arguments>
<arg>Pass!!</arg>
</arguments>
<status status="PASS" starttime="20210111 19:09:22.915" endtime="20210111 19:09:22.916"></status>
</kw>
<status status="PASS" starttime="20210111 19:09:22.862" endtime="20210111 19:09:22.916"></status>
</kw>
<kw name="Log To Console" library="BuiltIn">
<doc>Logs the given message to the console.</doc>
<arguments>
<arg>Step3</arg>
</arguments>
<status status="PASS" starttime="20210111 19:09:22.917" endtime="20210111 19:09:22.928"></status>
</kw>
<status status="PASS" starttime="20210111 19:09:15.881" endtime="20210111 19:09:22.928"></status>
</kw>
<kw name="Search for the book title 'The Sunlit Night' in the Booklist" library="instructions">
<kw name="Get Element Count" library="SeleniumLibrary">
<doc>Returns the number of elements matching ``locator``.</doc>
<arguments>
<arg>xpath=//div[@class='col-md-9']/div</arg>
</arguments>
<assign>
<var>${buk_list}</var>
</assign>
<msg timestamp="20210111 19:09:22.958" level="INFO">${buk_list} = 43</msg>
<status status="PASS" starttime="20210111 19:09:22.930" endtime="20210111 19:09:22.958"></status>
</kw>
<kw name="${j} IN RANGE [ 2 | ${buk_list} ]" type="for">
<kw name="${j} = 2" type="foritem">
<kw name="Get Text" library="SeleniumLibrary">
<doc>Returns the text value of the element identified by ``locator``.</doc>
<arguments>
<arg>xpath=//div[@class='col-md-9']/div[${j}]/a/div[3]</arg>
</arguments>
<assign>
<var>${buk_names}</var>
</assign>
<msg timestamp="20210111 19:09:22.993" level="INFO">${buk_names} = Flesh and Blood (Alex Delaware...</msg>
<status status="PASS" starttime="20210111 19:09:22.961" endtime="20210111 19:09:22.993"></status>
</kw>
<kw name="Exit For Loop If" library="BuiltIn">
<doc>Stops executing the enclosing for loop if the ``condition`` is true.</doc>
<arguments>
<arg>"${buk_names}" == "${Expected_Book_Name}"</arg>
</arguments>
<status status="PASS" starttime="20210111 19:09:22.994" endtime="20210111 19:09:22.994"></status>
</kw>
<status status="PASS" starttime="20210111 19:09:22.961" endtime="20210111 19:09:22.994"></status>
</kw>
<kw name="${j} = 3" type="foritem">
<kw name="Get Text" library="SeleniumLibrary">
<doc>Returns the text value of the element identified by ``locator``.</doc>
<arguments>
<arg>xpath=//div[@class='col-md-9']/div[${j}]/a/div[3]</arg>
</arguments>
<assign>
<var>${buk_names}</var>
</assign>
<msg timestamp="20210111 19:09:23.022" level="INFO">${buk_names} = Pagan Babies</msg>
<status status="PASS" starttime="20210111 19:09:22.994" endtime="20210111 19:09:23.022"></status>
</kw>
<kw name="Exit For Loop If" library="BuiltIn">
<doc>Stops executing the enclosing for loop if the ``condition`` is true.</doc>
<arguments>
<arg>"${buk_names}" == "${Expected_Book_Name}"</arg>
</arguments>
<status status="PASS" starttime="20210111 19:09:23.023" endtime="20210111 19:09:23.023"></status>
</kw>
<status status="PASS" starttime="20210111 19:09:22.994" endtime="20210111 19:09:23.023"></status>
</kw>
<kw name="${j} = 4" type="foritem">
<kw name="Get Text" library="SeleniumLibrary">
<doc>Returns the text value of the element identified by ``locator``.</doc>
<arguments>
<arg>xpath=//div[@class='col-md-9']/div[${j}]/a/div[3]</arg>
</arguments>
<assign>
<var>${buk_names}</var>
</assign>
<msg timestamp="20210111 19:09:23.051" level="INFO">${buk_names} = The Sunlit Night</msg>
<status status="PASS" starttime="20210111 19:09:23.023" endtime="20210111 19:09:23.051"></status>
</kw>
<kw name="Exit For Loop If" library="BuiltIn">
<doc>Stops executing the enclosing for loop if the ``condition`` is true.</doc>
<arguments>
<arg>"${buk_names}" == "${Expected_Book_Name}"</arg>
</arguments>
<msg timestamp="20210111 19:09:23.051" level="INFO">Exiting for loop altogether.</msg>
<status status="PASS" starttime="20210111 19:09:23.051" endtime="20210111 19:09:23.051"></status>
</kw>
<status status="PASS" starttime="20210111 19:09:23.023" endtime="20210111 19:09:23.051"></status>
</kw>
<status status="PASS" starttime="20210111 19:09:22.960" endtime="20210111 19:09:23.051"></status>
</kw>
<kw name="Set Test Variable" library="BuiltIn">
<doc>Makes a variable available everywhere within the scope of the current test.</doc>
<arguments>
<arg>${exact_buk_elem}</arg>
<arg>xpath=//div[@class='col-md-9']/div[${j}]/a/div[3]</arg>
</arguments>
<msg timestamp="20210111 19:09:23.051" level="INFO">${exact_buk_elem} = xpath=//div[@class='col-md-9']/div[4]/a/div[3]</msg>
<status status="PASS" starttime="20210111 19:09:23.051" endtime="20210111 19:09:23.051"></status>
</kw>
<kw name="Log To Console" library="BuiltIn">
<doc>Logs the given message to the console.</doc>
<arguments>
<arg>Step4</arg>
</arguments>
<status status="PASS" starttime="20210111 19:09:23.051" endtime="20210111 19:09:23.051"></status>
</kw>
<status status="PASS" starttime="20210111 19:09:22.929" endtime="20210111 19:09:23.055"></status>
</kw>
<kw name="Go to Expected Book details page" library="instructions">
<kw name="Sleep" library="BuiltIn">
<doc>Pauses the test executed for the given time.</doc>
<arguments>
<arg>5s</arg>
</arguments>
<msg timestamp="20210111 19:09:28.057" level="INFO">Slept 5 seconds</msg>
<status status="PASS" starttime="20210111 19:09:23.056" endtime="20210111 19:09:28.057"></status>
</kw>
<kw name="Click Element" library="SeleniumLibrary">
<doc>Click the element identified by ``locator``.</doc>
<arguments>
<arg>${exact_buk_elem}</arg>
</arguments>
<msg timestamp="20210111 19:09:28.057" level="INFO">Clicking element 'xpath=//div[@class='col-md-9']/div[4]/a/div[3]'.</msg>
<status status="PASS" starttime="20210111 19:09:28.057" endtime="20210111 19:09:39.551"></status>
</kw>
<kw name="Log To Console" library="BuiltIn">
<doc>Logs the given message to the console.</doc>
<arguments>
<arg>Step5</arg>
</arguments>
<status status="PASS" starttime="20210111 19:09:39.551" endtime="20210111 19:09:39.552"></status>
</kw>
<status status="PASS" starttime="20210111 19:09:23.055" endtime="20210111 19:09:39.553"></status>
</kw>
<kw name="Verify User navigated to the expected book details" library="instructions">
<kw name="Verify WebPage title" library="instructions">
<arguments>
<arg>${Expected_Book_Detailed_Name}</arg>
</arguments>
<kw name="Wait Until Page Contains" library="SeleniumLibrary">
<doc>Waits until ``text`` appears on the current page.</doc>
<arguments>
<arg>${title_name}</arg>
</arguments>
<status status="PASS" starttime="20210111 19:09:39.556" endtime="20210111 19:09:39.630"></status>
</kw>
<kw name="Log To Console" library="BuiltIn">
<doc>Logs the given message to the console.</doc>
<arguments>
<arg>${title_name}</arg>
</arguments>
<status status="PASS" starttime="20210111 19:09:39.631" endtime="20210111 19:09:39.640"></status>
</kw>
<kw name="Log To Console" library="BuiltIn">
<doc>Logs the given message to the console.</doc>
<arguments>
<arg>Pass!!</arg>
</arguments>
<status status="PASS" starttime="20210111 19:09:39.641" endtime="20210111 19:09:39.643"></status>
</kw>
<status status="PASS" starttime="20210111 19:09:39.554" endtime="20210111 19:09:39.643"></status>
</kw>
<kw name="Log To Console" library="BuiltIn">
<doc>Logs the given message to the console.</doc>
<arguments>
<arg>Step6</arg>
</arguments>
<status status="PASS" starttime="20210111 19:09:39.643" endtime="20210111 19:09:39.646"></status>
</kw>
<status status="PASS" starttime="20210111 19:09:39.553" endtime="20210111 19:09:39.646"></status>
</kw>
<kw name="Adding book to cart" library="instructions">
<kw name="Click Element" library="SeleniumLibrary">
<doc>Click the element identified by ``locator``.</doc>
<arguments>
<arg>xpath=//a[contains(text(),'@Amazon')]</arg>
</arguments>
<msg timestamp="20210111 19:09:39.648" level="INFO">Clicking element 'xpath=//a[contains(text(),'@Amazon')]'.</msg>
<status status="PASS" starttime="20210111 19:09:39.648" endtime="20210111 19:09:39.860"></status>
</kw>
<kw name="Select Window" library="SeleniumLibrary">
<doc>DEPRECATED in SeleniumLibrary 4.0. , use `Switch Window` instead.</doc>
<arguments>
<arg>${Expected_Site_Name}</arg>
</arguments>
<status status="PASS" starttime="20210111 19:09:39.860" endtime="20210111 19:09:42.399"></status>
</kw>
<kw name="Click Element" library="SeleniumLibrary">
<doc>Click the element identified by ``locator``.</doc>
<arguments>
<arg>id=add-to-cart-button</arg>
</arguments>
<msg timestamp="20210111 19:09:42.400" level="INFO">Clicking element 'id=add-to-cart-button'.</msg>
<status status="PASS" starttime="20210111 19:09:42.400" endtime="20210111 19:09:44.176"></status>
</kw>
<status status="PASS" starttime="20210111 19:09:39.647" endtime="20210111 19:09:44.176"></status>
</kw>
<tags>
<tag>sanity</tag>
</tags>
<status status="PASS" starttime="20210111 19:08:58.406" endtime="20210111 19:09:44.177" critical="yes"></status>
</test>
<status status="PASS" starttime="20210111 19:08:58.094" endtime="20210111 19:09:44.187"></status>
</suite>
<statistics>
<total>
<stat pass="1" fail="0">Critical Tests</stat>
<stat pass="1" fail="0">All Tests</stat>
</total>
<tag>
<stat pass="1" fail="0">sanity</stat>
</tag>
<suite>
<stat pass="1" fail="0" id="s1" name="TestCases">TestCases</stat>
</suite>
</statistics>
<errors>
</errors>
</robot>
